<?xml version="1.0" encoding="UTF-8"?>
<!-- Generated by org.testng.reporters.JUnitReportReporter -->
<testsuite skipped="0" hostname="DESKTOP-BA8VD7F" name="Tests.HomeBase" tests="1" failures="0" timestamp="11 Feb 2020 09:33:34 GMT" time="6.759" errors="0">
  <testcase name="homePage" time="6.759" classname="Tests.HomeBase"/>
</testsuite> <!-- Tests.HomeBase -->
