<?xml version="1.0" encoding="UTF-8"?>
<!-- Generated by org.testng.reporters.JUnitReportReporter -->
<testsuite skipped="0" hostname="DESKTOP-BA8VD7F" name="AddTest.DataTest" tests="3" failures="0" timestamp="12 Feb 2020 08:32:42 GMT" time="23.543" errors="0">
  <testcase name="homePage" time="5.699" classname="AddTest.DataTest"/>
  <testcase name="scrollTest" time="11.415" classname="AddTest.DataTest"/>
  <testcase name="pageData" time="6.429" classname="AddTest.DataTest"/>
</testsuite> <!-- AddTest.DataTest -->
